Microsoft HTML Help Compiler 4.74.8702

Compiling c:\DOCUME~1\ADMINI~1\Desktop\HELPTC~1\comercial_tmphhp\comercial.chm

ToolsTechComercial.html
ControledeUsuario.html
Utilitarios.html
Cliente_cad.html
Produto_cad.html
Pedido_cad.html
Vendedor_Cad.html
Ajustes.html
Cliente.html
Produto.html
Pedido.html
Vendedor.html
Estoque.html
DevolverNotaFiscal.html
LiberarPedido.html
GerarModelo.html
Consultar.html
Cubodevendas.html
AtualizaCubos.html
comercial.hhc
comercial.hhk
ToolsTechComercialb1.PNG
ControledeUsuáriob1.PNG
ControledeUsuáriob2.PNG
Utilitáriosb1.PNG
Utilitáriosb2.PNG
Utilitáriosb3.PNG
Cliente_cadb1.PNG
Cliente_cadb2.PNG
Cliente_cadb3.PNG
Cliente_cadb4.PNG
Cliente_cadb5.PNG
Cliente_cadb6.PNG
Cliente_cadb7.PNG
Cliente_cadb8.PNG
Cliente_cadb9.PNG
Cliente_cadb10.PNG
Produto_cadb1.PNG
Produto_cadb2.PNG
Produto_cadb3.PNG
Produto_cadb4.PNG
Produto_cadb5.PNG
Produto_cadb6.PNG
Produto_cadb7.PNG
Produto_cadb8.PNG
Produto_cadb9.PNG
Produto_cadb10.PNG
Pedido_cadb1.PNG
Pedido_cadb2.PNG
Pedido_cadb3.PNG
Pedido_cadb4.PNG
Pedido_cadb5.PNG
Pedido_cadb6.PNG
Pedido_cadb7.PNG
Pedido_cadb8.PNG
Pedido_cadb9.PNG
Pedido_cadb10.PNG
Vendedor_Cadb1.PNG
Vendedor_Cadb2.PNG
Vendedor_Cadb3.PNG
Vendedor_Cadb4.PNG
Vendedor_Cadb5.PNG
Vendedor_Cadb6.PNG
Vendedor_Cadb7.PNG
Vendedor_Cadb8.PNG
Vendedor_Cadb9.PNG
Vendedor_Cadb10.PNG
Ajustesb1.PNG
Ajustesb2.PNG
Ajustesb3.PNG
Ajustesb4.PNG
Ajustesb5.PNG
Ajustesb6.PNG
Ajustesb7.PNG
Ajustesb8.PNG
Ajustesb9.PNG
Ajustesb10.PNG
Clienteb1.PNG
Clienteb2.PNG
Clienteb3.PNG
Clienteb4.PNG
Produtob1.PNG
Produtob2.PNG
Produtob3.PNG
Produtob4.PNG
Pedidob1.PNG
Pedidob2.PNG
Pedidob3.PNG
Pedidob4.PNG
Vendedorb1.PNG
Vendedorb2.PNG
Vendedorb3.PNG
Vendedorb4.PNG
Estoqueb1.PNG
Estoqueb2.PNG
Estoqueb3.PNG
Estoqueb4.PNG
DevolverNotaFiscalb1.PNG
LiberarPedidob1.PNG
GerarModelob1.PNG
Consultarb1.PNG
Cubodevendasb1.PNG
AtualizaCubosb1.PNG
hm.css

Compile time: 0 minutes, 2 seconds
21	Topics
135	Local links
0	Internet links
82	Graphics


Created c:\DOCUME~1\ADMINI~1\Desktop\HELPTC~1\comercial_tmphhp\comercial.chm, 280,945 bytes
Compression decreased file by 220,650 bytes.
